2019-02-27 10:35:23.899 [ INFO] [11385-(main)] [org.springframework.boot.web.servlet.context.AnnotationConfigServletWebServerApplicationContext] :  : Refreshing org.springframework.boot.web.servlet.context.AnnotationConfigServletWebServerApplicationContext@702ed190: startup date [Wed Feb 27 10:35:23 IST 2019]; root of context hierarchy
2019-02-27 10:35:26.637 [ INFO] [11385-(main)] [org.springframework.context.support.PostProcessorRegistrationDelegate$BeanPostProcessorChecker] :  : Bean 'org.springframework.hateoas.config.HateoasConfiguration' of type [org.springframework.hateoas.config.HateoasConfiguration$$EnhancerBySpringCGLIB$$46c9a0b3] is not eligible for getting processed by all BeanPostProcessors (for example: not eligible for auto-proxying)
2019-02-27 10:35:27.484 [ INFO] [11385-(main)] [org.springframework.boot.web.embedded.tomcat.TomcatWebServer] :  : Tomcat initialized with port(s): 9091 (http)
2019-02-27 10:35:27.690 [ INFO] [11385-(localhost-startStop-1)] [org.springframework.web.context.ContextLoader] :  : Root WebApplicationContext: initialization completed in 3850 ms
2019-02-27 10:35:29.000 [ INFO] [11385-(localhost-startStop-1)] [org.springframework.boot.web.servlet.FilterRegistrationBean] :  : Mapping filter: 'characterEncodingFilter' to: [/*]
2019-02-27 10:35:29.001 [ INFO] [11385-(localhost-startStop-1)] [org.springframework.boot.web.servlet.FilterRegistrationBean] :  : Mapping filter: 'webMvcMetricsFilter' to: [/*]
2019-02-27 10:35:29.001 [ INFO] [11385-(localhost-startStop-1)] [org.springframework.boot.web.servlet.FilterRegistrationBean] :  : Mapping filter: 'hiddenHttpMethodFilter' to: [/*]
2019-02-27 10:35:29.001 [ INFO] [11385-(localhost-startStop-1)] [org.springframework.boot.web.servlet.FilterRegistrationBean] :  : Mapping filter: 'httpPutFormContentFilter' to: [/*]
2019-02-27 10:35:29.002 [ INFO] [11385-(localhost-startStop-1)] [org.springframework.boot.web.servlet.FilterRegistrationBean] :  : Mapping filter: 'requestContextFilter' to: [/*]
2019-02-27 10:35:29.002 [ INFO] [11385-(localhost-startStop-1)] [org.springframework.boot.web.servlet.FilterRegistrationBean] :  : Mapping filter: 'httpTraceFilter' to: [/*]
2019-02-27 10:35:29.002 [ INFO] [11385-(localhost-startStop-1)] [org.springframework.boot.web.servlet.ServletRegistrationBean] :  : Servlet dispatcherServlet mapped to [/]
2019-02-27 10:35:29.237 [ INFO] [11385-(main)] [org.springframework.web.servlet.handler.SimpleUrlHandlerMapping] :  : Mapped URL path [/**/favicon.ico] onto handler of type [class org.springframework.web.servlet.resource.ResourceHttpRequestHandler]
2019-02-27 10:35:29.608 [ INFO] [11385-(main)] [org.springframework.web.servlet.mvc.method.annotation.RequestMappingHandlerAdapter] :  : Looking for @ControllerAdvice: org.springframework.boot.web.servlet.context.AnnotationConfigServletWebServerApplicationContext@702ed190: startup date [Wed Feb 27 10:35:23 IST 2019]; root of context hierarchy
2019-02-27 10:35:29.766 [ INFO] [11385-(main)] [org.springframework.web.servlet.mvc.method.annotation.RequestMappingHandlerMapping] :  : Mapped "{[/error]}" onto public org.springframework.http.ResponseEntity<java.util.Map<java.lang.String, java.lang.Object>> org.springframework.boot.autoconfigure.web.servlet.error.BasicErrorController.error(javax.servlet.http.HttpServletRequest)
2019-02-27 10:35:29.768 [ INFO] [11385-(main)] [org.springframework.web.servlet.mvc.method.annotation.RequestMappingHandlerMapping] :  : Mapped "{[/error],produces=[text/html]}" onto public org.springframework.web.servlet.ModelAndView org.springframework.boot.autoconfigure.web.servlet.error.BasicErrorController.errorHtml(javax.servlet.http.HttpServletRequest,javax.servlet.http.HttpServletResponse)
2019-02-27 10:35:29.823 [ INFO] [11385-(main)] [org.springframework.web.servlet.handler.SimpleUrlHandlerMapping] :  : Mapped URL path [/webjars/**] onto handler of type [class org.springframework.web.servlet.resource.ResourceHttpRequestHandler]
2019-02-27 10:35:29.823 [ INFO] [11385-(main)] [org.springframework.web.servlet.handler.SimpleUrlHandlerMapping] :  : Mapped URL path [/**] onto handler of type [class org.springframework.web.servlet.resource.ResourceHttpRequestHandler]
2019-02-27 10:35:30.419 [ INFO] [11385-(main)] [org.springframework.boot.actuate.endpoint.web.EndpointLinksResolver] :  : Exposing 4 endpoint(s) beneath base path '/actuator'
2019-02-27 10:35:30.439 [ INFO] [11385-(main)] [org.springframework.boot.actuate.endpoint.web.servlet.WebMvcEndpointHandlerMapping] :  : Mapped "{[/actuator/health],methods=[GET],produces=[application/vnd.spring-boot.actuator.v2+json || application/json]}" onto public java.lang.Object org.springframework.boot.actuate.endpoint.web.servlet.AbstractWebMvcEndpointHandlerMapping$OperationHandler.handle(javax.servlet.http.HttpServletRequest,java.util.Map<java.lang.String, java.lang.String>)
2019-02-27 10:35:30.440 [ INFO] [11385-(main)] [org.springframework.boot.actuate.endpoint.web.servlet.WebMvcEndpointHandlerMapping] :  : Mapped "{[/actuator/info],methods=[GET],produces=[application/vnd.spring-boot.actuator.v2+json || application/json]}" onto public java.lang.Object org.springframework.boot.actuate.endpoint.web.servlet.AbstractWebMvcEndpointHandlerMapping$OperationHandler.handle(javax.servlet.http.HttpServletRequest,java.util.Map<java.lang.String, java.lang.String>)
2019-02-27 10:35:30.440 [ INFO] [11385-(main)] [org.springframework.boot.actuate.endpoint.web.servlet.WebMvcEndpointHandlerMapping] :  : Mapped "{[/actuator/threaddump],methods=[GET],produces=[application/vnd.spring-boot.actuator.v2+json || application/json]}" onto public java.lang.Object org.springframework.boot.actuate.endpoint.web.servlet.AbstractWebMvcEndpointHandlerMapping$OperationHandler.handle(javax.servlet.http.HttpServletRequest,java.util.Map<java.lang.String, java.lang.String>)
2019-02-27 10:35:30.441 [ INFO] [11385-(main)] [org.springframework.boot.actuate.endpoint.web.servlet.WebMvcEndpointHandlerMapping] :  : Mapped "{[/actuator/metrics/{requiredMetricName}],methods=[GET],produces=[application/vnd.spring-boot.actuator.v2+json || application/json]}" onto public java.lang.Object org.springframework.boot.actuate.endpoint.web.servlet.AbstractWebMvcEndpointHandlerMapping$OperationHandler.handle(javax.servlet.http.HttpServletRequest,java.util.Map<java.lang.String, java.lang.String>)
2019-02-27 10:35:30.441 [ INFO] [11385-(main)] [org.springframework.boot.actuate.endpoint.web.servlet.WebMvcEndpointHandlerMapping] :  : Mapped "{[/actuator/metrics],methods=[GET],produces=[application/vnd.spring-boot.actuator.v2+json || application/json]}" onto public java.lang.Object org.springframework.boot.actuate.endpoint.web.servlet.AbstractWebMvcEndpointHandlerMapping$OperationHandler.handle(javax.servlet.http.HttpServletRequest,java.util.Map<java.lang.String, java.lang.String>)
2019-02-27 10:35:30.442 [ INFO] [11385-(main)] [org.springframework.boot.actuate.endpoint.web.servlet.WebMvcEndpointHandlerMapping] :  : Mapped "{[/actuator],methods=[GET],produces=[application/vnd.spring-boot.actuator.v2+json || application/json]}" onto protected java.util.Map<java.lang.String, java.util.Map<java.lang.String, org.springframework.boot.actuate.endpoint.web.Link>> org.springframework.boot.actuate.endpoint.web.servlet.WebMvcEndpointHandlerMapping.links(javax.servlet.http.HttpServletRequest,javax.servlet.http.HttpServletResponse)
2019-02-27 10:35:30.536 [ INFO] [11385-(main)] [org.springframework.jmx.export.annotation.AnnotationMBeanExporter] :  : Registering beans for JMX exposure on startup
2019-02-27 10:35:30.620 [ INFO] [11385-(main)] [org.springframework.boot.web.embedded.tomcat.TomcatWebServer] :  : Tomcat started on port(s): 9091 (http) with context path '/api/customerService'
2019-02-27 10:37:09.334 [ INFO] [11385-(Thread-5)] [org.springframework.boot.web.servlet.context.AnnotationConfigServletWebServerApplicationContext] :  : Closing org.springframework.boot.web.servlet.context.AnnotationConfigServletWebServerApplicationContext@702ed190: startup date [Wed Feb 27 10:35:23 IST 2019]; root of context hierarchy
2019-02-27 10:37:09.337 [ INFO] [11385-(Thread-5)] [org.springframework.jmx.export.annotation.AnnotationMBeanExporter] :  : Unregistering JMX-exposed beans on shutdown
2019-02-27 10:37:13.606 [ INFO] [11420-(main)] [org.springframework.boot.web.servlet.context.AnnotationConfigServletWebServerApplicationContext] :  : Refreshing org.springframework.boot.web.servlet.context.AnnotationConfigServletWebServerApplicationContext@29539e36: startup date [Wed Feb 27 10:37:13 IST 2019]; root of context hierarchy
2019-02-27 10:37:14.728 [ INFO] [11420-(main)] [org.springframework.context.support.PostProcessorRegistrationDelegate$BeanPostProcessorChecker] :  : Bean 'org.springframework.hateoas.config.HateoasConfiguration' of type [org.springframework.hateoas.config.HateoasConfiguration$$EnhancerBySpringCGLIB$$9ea354a6] is not eligible for getting processed by all BeanPostProcessors (for example: not eligible for auto-proxying)
2019-02-27 10:37:15.202 [ INFO] [11420-(main)] [org.springframework.boot.web.embedded.tomcat.TomcatWebServer] :  : Tomcat initialized with port(s): 9091 (http)
2019-02-27 10:37:15.331 [ INFO] [11420-(localhost-startStop-1)] [org.springframework.web.context.ContextLoader] :  : Root WebApplicationContext: initialization completed in 1728 ms
2019-02-27 10:37:16.100 [ INFO] [11420-(localhost-startStop-1)] [org.springframework.boot.web.servlet.FilterRegistrationBean] :  : Mapping filter: 'characterEncodingFilter' to: [/*]
2019-02-27 10:37:16.101 [ INFO] [11420-(localhost-startStop-1)] [org.springframework.boot.web.servlet.FilterRegistrationBean] :  : Mapping filter: 'webMvcMetricsFilter' to: [/*]
2019-02-27 10:37:16.101 [ INFO] [11420-(localhost-startStop-1)] [org.springframework.boot.web.servlet.FilterRegistrationBean] :  : Mapping filter: 'hiddenHttpMethodFilter' to: [/*]
2019-02-27 10:37:16.101 [ INFO] [11420-(localhost-startStop-1)] [org.springframework.boot.web.servlet.FilterRegistrationBean] :  : Mapping filter: 'httpPutFormContentFilter' to: [/*]
2019-02-27 10:37:16.102 [ INFO] [11420-(localhost-startStop-1)] [org.springframework.boot.web.servlet.FilterRegistrationBean] :  : Mapping filter: 'requestContextFilter' to: [/*]
2019-02-27 10:37:16.102 [ INFO] [11420-(localhost-startStop-1)] [org.springframework.boot.web.servlet.FilterRegistrationBean] :  : Mapping filter: 'httpTraceFilter' to: [/*]
2019-02-27 10:37:16.102 [ INFO] [11420-(localhost-startStop-1)] [org.springframework.boot.web.servlet.ServletRegistrationBean] :  : Servlet dispatcherServlet mapped to [/]
2019-02-27 10:37:16.219 [ INFO] [11420-(main)] [org.springframework.web.servlet.handler.SimpleUrlHandlerMapping] :  : Mapped URL path [/**/favicon.ico] onto handler of type [class org.springframework.web.servlet.resource.ResourceHttpRequestHandler]
2019-02-27 10:37:16.415 [ INFO] [11420-(main)] [org.springframework.web.servlet.mvc.method.annotation.RequestMappingHandlerAdapter] :  : Looking for @ControllerAdvice: org.springframework.boot.web.servlet.context.AnnotationConfigServletWebServerApplicationContext@29539e36: startup date [Wed Feb 27 10:37:13 IST 2019]; root of context hierarchy
2019-02-27 10:37:16.479 [ INFO] [11420-(main)] [org.springframework.web.servlet.mvc.method.annotation.RequestMappingHandlerMapping] :  : Mapped "{[/customer/clip]}" onto public org.springframework.http.ResponseEntity<java.lang.String> com.servicemesh.customer.CustomerDetailController.getCustomerDetails()
2019-02-27 10:37:16.482 [ INFO] [11420-(main)] [org.springframework.web.servlet.mvc.method.annotation.RequestMappingHandlerMapping] :  : Mapped "{[/error]}" onto public org.springframework.http.ResponseEntity<java.util.Map<java.lang.String, java.lang.Object>> org.springframework.boot.autoconfigure.web.servlet.error.BasicErrorController.error(javax.servlet.http.HttpServletRequest)
2019-02-27 10:37:16.483 [ INFO] [11420-(main)] [org.springframework.web.servlet.mvc.method.annotation.RequestMappingHandlerMapping] :  : Mapped "{[/error],produces=[text/html]}" onto public org.springframework.web.servlet.ModelAndView org.springframework.boot.autoconfigure.web.servlet.error.BasicErrorController.errorHtml(javax.servlet.http.HttpServletRequest,javax.servlet.http.HttpServletResponse)
2019-02-27 10:37:16.509 [ INFO] [11420-(main)] [org.springframework.web.servlet.handler.SimpleUrlHandlerMapping] :  : Mapped URL path [/webjars/**] onto handler of type [class org.springframework.web.servlet.resource.ResourceHttpRequestHandler]
2019-02-27 10:37:16.509 [ INFO] [11420-(main)] [org.springframework.web.servlet.handler.SimpleUrlHandlerMapping] :  : Mapped URL path [/**] onto handler of type [class org.springframework.web.servlet.resource.ResourceHttpRequestHandler]
2019-02-27 10:37:16.817 [ INFO] [11420-(main)] [org.springframework.boot.actuate.endpoint.web.EndpointLinksResolver] :  : Exposing 4 endpoint(s) beneath base path '/actuator'
2019-02-27 10:37:16.826 [ INFO] [11420-(main)] [org.springframework.boot.actuate.endpoint.web.servlet.WebMvcEndpointHandlerMapping] :  : Mapped "{[/actuator/health],methods=[GET],produces=[application/vnd.spring-boot.actuator.v2+json || application/json]}" onto public java.lang.Object org.springframework.boot.actuate.endpoint.web.servlet.AbstractWebMvcEndpointHandlerMapping$OperationHandler.handle(javax.servlet.http.HttpServletRequest,java.util.Map<java.lang.String, java.lang.String>)
2019-02-27 10:37:16.827 [ INFO] [11420-(main)] [org.springframework.boot.actuate.endpoint.web.servlet.WebMvcEndpointHandlerMapping] :  : Mapped "{[/actuator/info],methods=[GET],produces=[application/vnd.spring-boot.actuator.v2+json || application/json]}" onto public java.lang.Object org.springframework.boot.actuate.endpoint.web.servlet.AbstractWebMvcEndpointHandlerMapping$OperationHandler.handle(javax.servlet.http.HttpServletRequest,java.util.Map<java.lang.String, java.lang.String>)
2019-02-27 10:37:16.827 [ INFO] [11420-(main)] [org.springframework.boot.actuate.endpoint.web.servlet.WebMvcEndpointHandlerMapping] :  : Mapped "{[/actuator/threaddump],methods=[GET],produces=[application/vnd.spring-boot.actuator.v2+json || application/json]}" onto public java.lang.Object org.springframework.boot.actuate.endpoint.web.servlet.AbstractWebMvcEndpointHandlerMapping$OperationHandler.handle(javax.servlet.http.HttpServletRequest,java.util.Map<java.lang.String, java.lang.String>)
2019-02-27 10:37:16.828 [ INFO] [11420-(main)] [org.springframework.boot.actuate.endpoint.web.servlet.WebMvcEndpointHandlerMapping] :  : Mapped "{[/actuator/metrics/{requiredMetricName}],methods=[GET],produces=[application/vnd.spring-boot.actuator.v2+json || application/json]}" onto public java.lang.Object org.springframework.boot.actuate.endpoint.web.servlet.AbstractWebMvcEndpointHandlerMapping$OperationHandler.handle(javax.servlet.http.HttpServletRequest,java.util.Map<java.lang.String, java.lang.String>)
2019-02-27 10:37:16.828 [ INFO] [11420-(main)] [org.springframework.boot.actuate.endpoint.web.servlet.WebMvcEndpointHandlerMapping] :  : Mapped "{[/actuator/metrics],methods=[GET],produces=[application/vnd.spring-boot.actuator.v2+json || application/json]}" onto public java.lang.Object org.springframework.boot.actuate.endpoint.web.servlet.AbstractWebMvcEndpointHandlerMapping$OperationHandler.handle(javax.servlet.http.HttpServletRequest,java.util.Map<java.lang.String, java.lang.String>)
2019-02-27 10:37:16.829 [ INFO] [11420-(main)] [org.springframework.boot.actuate.endpoint.web.servlet.WebMvcEndpointHandlerMapping] :  : Mapped "{[/actuator],methods=[GET],produces=[application/vnd.spring-boot.actuator.v2+json || application/json]}" onto protected java.util.Map<java.lang.String, java.util.Map<java.lang.String, org.springframework.boot.actuate.endpoint.web.Link>> org.springframework.boot.actuate.endpoint.web.servlet.WebMvcEndpointHandlerMapping.links(javax.servlet.http.HttpServletRequest,javax.servlet.http.HttpServletResponse)
2019-02-27 10:37:16.877 [ INFO] [11420-(main)] [org.springframework.jmx.export.annotation.AnnotationMBeanExporter] :  : Registering beans for JMX exposure on startup
2019-02-27 10:37:16.930 [ INFO] [11420-(main)] [org.springframework.boot.web.embedded.tomcat.TomcatWebServer] :  : Tomcat started on port(s): 9091 (http) with context path '/api/customerService'
2019-02-27 10:37:58.949 [ INFO] [11420-(http-nio-9091-exec-1)] [org.springframework.web.servlet.DispatcherServlet] :  : FrameworkServlet 'dispatcherServlet': initialization started
2019-02-27 10:37:58.969 [ INFO] [11420-(http-nio-9091-exec-1)] [org.springframework.web.servlet.DispatcherServlet] :  : FrameworkServlet 'dispatcherServlet': initialization completed in 20 ms
2019-02-27 10:38:14.809 [ INFO] [11420-(Thread-5)] [org.springframework.boot.web.servlet.context.AnnotationConfigServletWebServerApplicationContext] :  : Closing org.springframework.boot.web.servlet.context.AnnotationConfigServletWebServerApplicationContext@29539e36: startup date [Wed Feb 27 10:37:13 IST 2019]; root of context hierarchy
2019-02-27 10:38:14.812 [ INFO] [11420-(Thread-5)] [org.springframework.jmx.export.annotation.AnnotationMBeanExporter] :  : Unregistering JMX-exposed beans on shutdown
